<?xml version="1.0" encoding="UTF-8"?>
<testng-results ignored="0" total="1" passed="1" failed="0" skipped="0">
  <reporter-output>
  </reporter-output>
  <suite started-at="2025-05-21T22:25:51 IST" name="Default suite" finished-at="2025-05-21T22:26:01 IST" duration-ms="9893">
    <groups>
    </groups>
    <test started-at="2025-05-21T22:25:51 IST" name="Default test" finished-at="2025-05-21T22:26:01 IST" duration-ms="9893">
      <class name="com.qa.tests.MyFirstTest">
        <test-method is-config="true" signature="AppiumSetUp()[pri:0, instance:com.qa.tests.MyFirstTest@1a482e36]" started-at="2025-05-21T22:25:51 IST" name="AppiumSetUp" finished-at="2025-05-21T22:25:56 IST" duration-ms="4619" status="PASS">
          <reporter-output>
          </reporter-output>
        </test-method> <!-- AppiumSetUp -->
        <test-method signature="MyFirstTest_Appium()[pri:0, instance:com.qa.tests.MyFirstTest@1a482e36]" started-at="2025-05-21T22:25:56 IST" name="MyFirstTest_Appium" finished-at="2025-05-21T22:26:01 IST" duration-ms="5244" status="PASS">
          <reporter-output>
          </reporter-output>
        </test-method> <!-- MyFirstTest_Appium -->
      </class> <!-- com.qa.tests.MyFirstTest -->
    </test> <!-- Default test -->
  </suite> <!-- Default suite -->
</testng-results>
